[0102/103329:ERROR:renderer_main.cc(203)] Running without renderer sandbox
[0102/103329:ERROR:block_files.cc(477)] Failed to open C:\Users\D先生\AppData\Local\Tencent\Minibrowser\UserData\data_0
[0102/103329:ERROR:cache_util_win.cc(20)] Unable to move the cache: 5
[0102/103329:ERROR:cache_util.cc(132)] Unable to move cache folder C:\Users\D先生\AppData\Local\Tencent\Minibrowser\UserData to C:\Users\D先生\AppData\Local\Tencent\Minibrowser\old_UserData_000
[0102/103329:ERROR:cache_creator.cc(133)] Unable to create cache
[0102/103330:ERROR:child_discardable_shared_memory_manager.cc(266)] size: 4194304
[0102/103330:INFO:CONSOLE(3)] "TypeError: r.forEach is not a function", source: https://router.vuejs.org/assets/js/app.3fa39d42.js (3)
[0102/103332:INFO:CONSOLE(112)] "Uncaught RangeError: Maximum call stack size exceeded", source:  (112)
[0102/103337:ERROR:block_files.cc(477)] Failed to open C:\Users\D先生\AppData\Local\Tencent\Minibrowser\UserData\Service Worker\Cache\data_0
[0102/103337:ERROR:cache_creator.cc(133)] Unable to create cache
[0102/103337:ERROR:service_worker_storage.cc(1379)] Failed to open the serviceworker diskcache: net::ERR_FAILED
[0102/103337:INFO:CONSOLE(8)] "[vuepress:sw] Error during service worker registration:", source: https://router.vuejs.org/assets/js/app.3fa39d42.js (8)
[0102/105130:INFO:CONSOLE(3)] "TypeError: r.forEach is not a function", source: https://router.vuejs.org/assets/js/app.3fa39d42.js (3)
[0102/105130:INFO:CONSOLE(3)] "TypeError: r.forEach is not a function", source: https://router.vuejs.org/assets/js/app.3fa39d42.js (3)
[0102/105400:ERROR:renderer_main.cc(203)] Running without renderer sandbox
[0102/105402:INFO:CONSOLE(0)] "The Content-Security-Policy directive 'block-all-mixed-content' is implemented behind a flag which is currently disabled.
", source: https://github.com/vuejs/vue-router/blob/next/examples/route-matching/app.js (0)
[0102/105402:INFO:CONSOLE(0)] "The Content-Security-Policy directive 'manifest-src' is implemented behind a flag which is currently disabled.
", source: https://github.com/vuejs/vue-router/blob/next/examples/route-matching/app.js (0)
[0102/105402:ERROR:child_discardable_shared_memory_manager.cc(266)] size: 4194304
[0102/105404:INFO:CONSOLE(112)] "Uncaught RangeError: Maximum call stack size exceeded", source:  (112)
[0102/105405:ERROR:child_discardable_shared_memory_manager.cc(266)] size: 33177600
[0102/105405:ERROR:child_discardable_shared_memory_manager.cc(266)] size: 4194304
[0102/105406:ERROR:child_discardable_shared_memory_manager.cc(266)] size: 33177600
[0102/105406:ERROR:child_discardable_shared_memory_manager.cc(266)] size: 4194304
[0102/105406:ERROR:child_discardable_shared_memory_manager.cc(266)] size: 4194304
[0102/105406:ERROR:child_discardable_shared_memory_manager.cc(266)] size: 33177600
[0102/105406:ERROR:child_discardable_shared_memory_manager.cc(266)] size: 4194304
[0102/105408:ERROR:child_discardable_shared_memory_manager.cc(266)] size: 33177600
[0102/105438:ERROR:child_discardable_shared_memory_manager.cc(266)] size: 4194304
[0102/105440:INFO:CONSOLE(112)] "Uncaught RangeError: Maximum call stack size exceeded", source:  (112)
[0102/105446:INFO:CONSOLE(0)] "The Content-Security-Policy directive 'block-all-mixed-content' is implemented behind a flag which is currently disabled.
", source: https://github.com/vuejs/vue-router/blob/next/examples/route-matching/app.js (0)
[0102/105446:INFO:CONSOLE(0)] "The Content-Security-Policy directive 'manifest-src' is implemented behind a flag which is currently disabled.
", source: https://github.com/vuejs/vue-router/blob/next/examples/route-matching/app.js (0)
[0102/105446:ERROR:child_discardable_shared_memory_manager.cc(266)] size: 4194304
[0102/105446:ERROR:child_discardable_shared_memory_manager.cc(266)] size: 4194304
[0102/105447:INFO:CONSOLE(112)] "Uncaught RangeError: Maximum call stack size exceeded", source:  (112)
[0102/105453:ERROR:child_discardable_shared_memory_manager.cc(266)] size: 4194304
[0102/105453:ERROR:child_discardable_shared_memory_manager.cc(266)] size: 4194304
[0102/105453:ERROR:child_discardable_shared_memory_manager.cc(266)] size: 33177600
[0102/105453:ERROR:child_discardable_shared_memory_manager.cc(266)] size: 4194304
[0102/105459:ERROR:child_discardable_shared_memory_manager.cc(266)] size: 33177600
[0102/105503:ERROR:child_discardable_shared_memory_manager.cc(266)] size: 33177600
[0102/105517:ERROR:ipc_channel_win.cc(414)] pipe error: 232
